[2020-08-19T14:11:35.589] [ERROR] errorLogger - 
*************** error log start ***************
request method: GET
request originalUrl:  /api/mail/query?Id=&plaform=&channel=&annex=&serverName=&createTime=&page=1&pagesize=50&servername=
request client ip:  ::ffff:127.0.0.1
request query:  {"Id":"","plaform":"","channel":"","annex":"","serverName":"","createTime":"","page":"1","pagesize":"50","servername":"","gameid":"1"}
response time: 1597817495589
err name: SequelizeDatabaseError
err message: syntax error at or near "qweqweqwe"
err stack: SequelizeDatabaseError: syntax error at or near "qweqweqwe"
    at Query.formatError (H:\project\server\node_modules\sequelize\lib\dialects\postgres\query.js:366:16)
    at H:\project\server\node_modules\sequelize\lib\dialects\postgres\query.js:72:18
    at tryCatcher (H:\project\server\node_modules\bluebird\js\release\util.js:16:23)
    at Promise._settlePromiseFromHandler (H:\project\server\node_modules\bluebird\js\release\promise.js:547:31)
    at Promise._settlePromise (H:\project\server\node_modules\bluebird\js\release\promise.js:604:18)
    at Promise._settlePromise0 (H:\project\server\node_modules\bluebird\js\release\promise.js:649:10)
    at Promise._settlePromises (H:\project\server\node_modules\bluebird\js\release\promise.js:725:18)
    at _drainQueueStep (H:\project\server\node_modules\bluebird\js\release\async.js:93:12)
    at _drainQueue (H:\project\server\node_modules\bluebird\js\release\async.js:86:9)
    at Async._drainQueues (H:\project\server\node_modules\bluebird\js\release\async.js:102:5)
    at Immediate.Async.drainQueues [as _onImmediate] (H:\project\server\node_modules\bluebird\js\release\async.js:15:14)
    at processImmediate (internal/timers.js:456:21)
*************** error log end ***************

